INFO  [2024-03-14 13:20:38] MSstats - dataProcess function
INFO  [2024-03-14 13:20:38] Summary method: TMP
INFO  [2024-03-14 13:20:38] censoredInt: NA
INFO  [2024-03-14 13:20:40] Logarithm transformation with base 2 is done
INFO  [2024-03-14 13:20:41] Factorize in columns(GROUP, SUBJECT, GROUP_ORIGINAL, SUBJECT_ORIGINAL, FEATURE, RUN)
INFO  [2024-03-14 13:20:41] ** Use all features that the dataset originally has.
INFO  [2024-03-14 13:20:42] 
 # proteins: 8737
 # peptides per protein: 1-190
 # features per peptide: 1-1
INFO  [2024-03-14 13:20:42] Some proteins have only one feature: 
 A0A024RBG1,
 A0A075B6H9,
 A0A075B6R9,
 A0A075B767,
 A0A087WSY6 ...
INFO  [2024-03-14 13:20:42] 
                    Norm Pool1 Pool2 RUSH
             # runs    1     1     1    8
    # bioreplicates    1     1     1    1
 # tech. replicates    1     1     1    8
INFO  [2024-03-14 13:20:42] Some features are completely missing in at least one condition:  
 KIQEVWR_1_NA_NA,
 VEGGELVIAR_1_NA_NA,
 TASGSSVTSLDGTR_1_NA_NA,
 VDPVGPLSFSGGVSELAR_1_NA_NA,
 NA ...
INFO  [2024-03-14 13:20:42] == Start the summarization per subplot...
INFO  [2024-03-14 13:23:17] == Summarization is done.
INFO  [2024-03-14 13:23:20] MSstats - dataProcess function
INFO  [2024-03-14 13:23:20] Summary method: TMP
INFO  [2024-03-14 13:23:20] censoredInt: NA
INFO  [2024-03-14 13:23:21] Logarithm transformation with base 2 is done
INFO  [2024-03-14 13:23:22] Factorize in columns(GROUP, SUBJECT, GROUP_ORIGINAL, SUBJECT_ORIGINAL, FEATURE, RUN)
INFO  [2024-03-14 13:23:22] ** Use all features that the dataset originally has.
INFO  [2024-03-14 13:23:22] 
 # proteins: 8031
 # peptides per protein: 1-178
 # features per peptide: 1-1
INFO  [2024-03-14 13:23:22] Some proteins have only one feature: 
 A0A075B6H7,
 A0A075B6I9,
 A0A075B6K5,
 A0A075B6R9,
 A0A087WSY6 ...
INFO  [2024-03-14 13:23:22] 
                    NA Pool4 RUSH
             # runs  1     1    9
    # bioreplicates  1     1    1
 # tech. replicates  1     1    9
INFO  [2024-03-14 13:23:23] Some features are completely missing in at least one condition:  
 LLIYGASTR_1_NA_NA,
 FSGSLLGGK_1_NA_NA,
 ITCGGNNIGSK_1_NA_NA,
 FSGSGAGTDFTLK_1_NA_NA,
 ASQSVSSNLAWYQQKPGQAPR_1_NA_NA ...
INFO  [2024-03-14 13:23:23] The following runs have more than 75% missing values: 11
INFO  [2024-03-14 13:23:23] == Start the summarization per subplot...
INFO  [2024-03-14 13:25:26] == Summarization is done.
INFO  [2024-03-14 13:25:29] MSstats - dataProcess function
INFO  [2024-03-14 13:25:29] Summary method: TMP
INFO  [2024-03-14 13:25:29] censoredInt: NA
INFO  [2024-03-14 13:25:29] Logarithm transformation with base 2 is done
INFO  [2024-03-14 13:25:30] Factorize in columns(GROUP, SUBJECT, GROUP_ORIGINAL, SUBJECT_ORIGINAL, FEATURE, RUN)
INFO  [2024-03-14 13:25:31] ** Use all features that the dataset originally has.
INFO  [2024-03-14 13:25:31] 
 # proteins: 8228
 # peptides per protein: 1-200
 # features per peptide: 1-1
INFO  [2024-03-14 13:25:31] Some proteins have only one feature: 
 A0A075B6H7,
 A0A087WSY6,
 A0A0A0MRZ8,
 A0A0B4J1U7,
 A0A0C4DH25 ...
INFO  [2024-03-14 13:25:31] 
                    NA Pool6 Pool7 RUSH
             # runs  1     1     1    8
    # bioreplicates  1     1     1    1
 # tech. replicates  1     1     1    8
INFO  [2024-03-14 13:25:32] Some features are completely missing in at least one condition:  
 LLIYGASTR_1_NA_NA,
 ASQSVSSNLAWYQQKPGQAPR_1_NA_NA,
 LLIYDASNR_1_NA_NA,
 ITINPDTSK_1_NA_NA,
 EFHQAGKPIGLCCIAPVLAAK_1_NA_NA ...
INFO  [2024-03-14 13:25:32] The following runs have more than 75% missing values: 11
INFO  [2024-03-14 13:25:32] == Start the summarization per subplot...
INFO  [2024-03-14 13:27:57] == Summarization is done.
