INFO  [2024-03-14 13:19:22] MSstats - dataProcess function
INFO  [2024-03-14 13:19:22] Summary method: TMP
INFO  [2024-03-14 13:19:22] censoredInt: NA
INFO  [2024-03-14 13:19:22] Logarithm transformation with base 2 is done
INFO  [2024-03-14 13:19:25] Factorize in columns(GROUP, SUBJECT, GROUP_ORIGINAL, SUBJECT_ORIGINAL, FEATURE, RUN)
INFO  [2024-03-14 13:19:25] ** Use all features that the dataset originally has.
INFO  [2024-03-14 13:19:26] 
 # proteins: 8737
 # peptides per protein: 1-190
 # features per peptide: 1-1
INFO  [2024-03-14 13:19:26] Some proteins have only one feature: 
 A0A024RBG1,
 A0A075B6H9,
 A0A075B6R9,
 A0A075B767,
 A0A087WSY6 ...
INFO  [2024-03-14 13:19:26] 
                    NA Norm Pool1 Pool2 RUSH
             # runs  1    1     1     1    8
    # bioreplicates  1    1     1     1    1
 # tech. replicates  1    1     1     1    8
INFO  [2024-03-14 13:19:26] Some features are completely missing in at least one condition:  
 LLGIFEQNQDR_1_NA_NA,
 EIVMTQSPPTLSLSPGER_1_NA_NA,
 LLIYGASTR_1_NA_NA,
 FSGSSSGAER_1_NA_NA,
 FSGSNSGNTATLTISR_1_NA_NA ...
INFO  [2024-03-14 13:19:26] The following runs have more than 75% missing values: 12
INFO  [2024-03-14 13:19:26] == Start the summarization per subplot...
